<?xml version="1.0" encoding="UTF-8"?>
<!-- Generated by org.testng.reporters.JUnitReportReporter -->
<testsuite hostname="LAPTOP-UGVL9IKA" failures="0" tests="1" name="org.TestCases.footerTest" time="11.467" errors="0" timestamp="2023-07-30T13:13:14 BST" skipped="0">
  <testcase classname="org.TestCases.footerTest" name="footerRunner" time="11.467"/>
  <system-out/>
</testsuite> <!-- org.TestCases.footerTest -->
