<?xml version="1.0" encoding="UTF-8"?>
<!-- Generated by org.testng.reporters.JUnitReportReporter -->
<testsuite hostname="LAPTOP-UGVL9IKA" failures="0" tests="2" name="org.TestCases.LoginTest" time="14.010" errors="0" timestamp="2023-07-30T13:13:14 BST" skipped="0">
  <testcase classname="org.TestCases.LoginTest" name="login" time="4.331"/>
  <system-out/>
  <testcase classname="org.TestCases.LoginTest" name="login" time="9.679"/>
  <system-out/>
</testsuite> <!-- org.TestCases.LoginTest -->
