<?xml version="1.0" encoding="UTF-8"?>
<!-- Generated by org.testng.reporters.JUnitReportReporter -->
<testsuite hostname="LAPTOP-UGVL9IKA" failures="0" tests="1" name="org.cucumber.TestNGRunner" time="8.516" errors="0" timestamp="2023-08-08T22:34:02 BST" skipped="0">
  <testcase classname="org.cucumber.TestNGRunner" name="runScenario" time="8.516"/>
  <system-out/>
</testsuite> <!-- org.cucumber.TestNGRunner -->
