<?xml version="1.0" encoding="UTF-8"?>
<!-- Generated by org.testng.reporters.JUnitReportReporter -->
<testsuite hostname="LAPTOP-UGVL9IKA" failures="0" tests="1" name="org.TestCases.SubmenuTest" time="12.143" errors="0" timestamp="2023-08-08T21:02:37 BST" skipped="0">
  <testcase classname="org.TestCases.SubmenuTest" name="submenuRunner" time="12.143"/>
  <system-out/>
</testsuite> <!-- org.TestCases.SubmenuTest -->
