<?xml version="1.0" encoding="UTF-8"?>
<!-- Generated by org.testng.reporters.JUnitReportReporter -->
<testsuite hostname="LAPTOP-UGVL9IKA" failures="0" tests="2" name="org.TestCases.LoginTest" time="10.508" errors="0" timestamp="2023-08-08T21:02:37 BST" skipped="0">
  <testcase classname="org.TestCases.LoginTest" name="login" time="7.171"/>
  <system-out/>
  <testcase classname="org.TestCases.LoginTest" name="login" time="3.337"/>
  <system-out/>
</testsuite> <!-- org.TestCases.LoginTest -->
